Command is:python codeSubmission/testInput2.py ./User_files/d_LPF_B750.net ./User_files/d_LPF_B750.csv >./User_files/d_LPF_B750_run.log 2>&1
OS returns 0 from execution of command
For files ./Model_files/d_LPF_B750_model.csv and ./User_files/d_LPF_B750.csv filecmp returns same=False
			Detailed testing:
Working on 52 lines
Line 1 is OK
Line 2 is OK
Line 3 is OK
Line 4 is OK
Line 5 is OK
Line 6 is OK
Line 7 is OK
Line 8 is OK
Line 9 is OK
Line 10 is OK
Line 11 is OK
Line 12 is OK
Line 13 is OK
Line 14 is OK
Line 15 is OK
Line 16 is OK
Line 17 is OK
Line 18 is OK
Line 19 is OK
Line 20 is OK
Line 21 is OK
Line 22 is OK
Line 23 is OK
Line 24 is OK
Line 25 is OK
Line 26 is OK
Line 27 is OK
Line 28 variable 13 differs, model=1.98e-12, user=1.965e-12
Line 28 variable 15 differs, model=1.98e-12, user=1.964e-12
Error found in line 28 from character 160
L1=< 5.102e+06,  4.761e+00,  1.067e+00, -9.271e-08,  1.964e-07, -9.737e-09,  4.343e-08,  4.786e-03, -2.135e-02, -1.854e-09,  3.927e-09, -1.937e-07, -4.343e-08,  1.980e-12,  2.230e+02,  1.980e-12,  2.230e+02,  9.472e-16,  1.067e-01,  9.431e-16, -9.861e-32,>
--------------------------------------------------------------------------------------------------------------------------------------------------------------------^
L2=< 5.102e+06,  4.761e+00,  1.067e+00, -9.271e-08,  1.964e-07, -9.737e-09,  4.343e-08,  4.786e-03, -2.135e-02, -1.854e-09,  3.927e-09, -1.937e-07, -4.343e-08,  1.965e-12,  2.230e+02,  1.964e-12,  2.230e+02,  9.427e-16,  1.067e-01,  9.431e-16,  7.440e-33,>
--------------------------------------------------------------------------------------------------------------------------------------------------------------------^
Line 29 variable 13 differs, model=1.224e-12, user=1.239e-12
Error found in line 29 from character 160
L1=< 5.306e+06,  4.779e+00,  1.029e+00, -6.790e-08,  1.504e-07, -7.105e-09,  3.300e-08,  4.429e-03, -2.057e-02, -1.358e-09,  3.008e-09, -1.533e-07, -3.300e-08,  1.224e-12,  2.323e+02,  1.234e-12,  2.323e+02,  5.412e-16,  1.029e-01,  5.446e-16, -2.465e-32,>
--------------------------------------------------------------------------------------------------------------------------------------------------------------------^
L2=< 5.306e+06,  4.779e+00,  1.029e+00, -6.790e-08,  1.504e-07, -7.105e-09,  3.300e-08,  4.429e-03, -2.057e-02, -1.358e-09,  3.008e-09, -1.533e-07, -3.300e-08,  1.239e-12,  2.323e+02,  1.236e-12,  2.323e+02,  5.487e-16,  1.029e-01,  5.446e-16,  1.873e-32,>
--------------------------------------------------------------------------------------------------------------------------------------------------------------------^
Line 30 is OK
Line 31 is OK
Line 32 variable 13 differs, model=3.428e-13, user=3.287e-13
Line 32 variable 15 differs, model=3.333e-13, user=3.2e-13
Error found in line 32 from character 159
L1=< 5.918e+06,  4.822e+00,  9.276e-01, -2.851e-08,  7.135e-08, -2.957e-09,  1.537e-08,  3.569e-03, -1.855e-02, -5.702e-10,  1.427e-09, -7.987e-08, -1.537e-08,  3.428e-13,  2.599e+02,  3.333e-13,  2.599e+02,  1.180e-16,  9.276e-02,  1.181e-16,  0.000e+00,>
-------------------------------------------------------------------------------------------------------------------------------------------------------------------^
L2=< 5.918e+06,  4.822e+00,  9.276e-01, -2.851e-08,  7.135e-08, -2.957e-09,  1.537e-08,  3.569e-03, -1.855e-02, -5.702e-10,  1.427e-09, -7.987e-08, -1.537e-08,  3.287e-13,  2.599e+02,  3.200e-13,  2.599e+02,  1.153e-16,  9.276e-02,  1.181e-16,  3.425e-33,>
-------------------------------------------------------------------------------------------------------------------------------------------------------------------^
Line 33 is OK
Line 34 is OK
Line 35 variable 13 differs, model=1.163e-13, user=9.164e-14
Line 35 variable 15 differs, model=1.057e-13, user=9.447e-14
Error found in line 35 from character 157
L1=< 6.531e+06,  4.853e+00,  8.442e-01, -1.303e-08,  3.631e-08, -1.342e-09,  7.715e-09,  2.937e-03, -1.688e-02, -2.605e-10,  7.262e-10, -4.435e-08, -7.715e-09,  1.163e-13,  2.874e+02,  1.057e-13,  2.874e+02,  3.123e-17,  8.442e-02,  2.976e-17,  0.000e+00,>
-----------------------------------------------------------------------------------------------------------------------------------------------------------------^
L2=< 6.531e+06,  4.853e+00,  8.442e-01, -1.303e-08,  3.631e-08, -1.342e-09,  7.715e-09,  2.937e-03, -1.688e-02, -2.605e-10,  7.262e-10, -4.435e-08, -7.715e-09,  9.164e-14,  2.874e+02,  9.447e-14,  2.874e+02,  2.525e-17,  8.442e-02,  2.976e-17,  6.725e-34,>
-----------------------------------------------------------------------------------------------------------------------------------------------------------------^
Line 36 variable 13 differs, model=7.917e-14, user=6.361e-14
Line 36 variable 15 differs, model=8.797e-14, user=6.361e-14
Error found in line 36 from character 157
L1=< 6.735e+06,  4.862e+00,  8.196e-01, -1.020e-08,  2.938e-08, -1.048e-09,  6.220e-09,  2.763e-03, -1.639e-02, -2.039e-10,  5.876e-10, -3.690e-08, -6.220e-09,  7.917e-14,  2.966e+02,  8.797e-14,  2.966e+02,  2.255e-17,  8.196e-02,  1.934e-17,  7.704e-34,>
-----------------------------------------------------------------------------------------------------------------------------------------------------------------^
L2=< 6.735e+06,  4.862e+00,  8.196e-01, -1.020e-08,  2.938e-08, -1.048e-09,  6.220e-09,  2.763e-03, -1.639e-02, -2.039e-10,  5.876e-10, -3.690e-08, -6.220e-09,  6.361e-14,  2.966e+02,  6.361e-14,  2.966e+02,  1.733e-17,  8.196e-02,  1.934e-17, -2.678e-35,>
-----------------------------------------------------------------------------------------------------------------------------------------------------------------^
Line 37 is OK
Line 38 is OK
Line 39 variable 13 differs, model=2.091e-14, user=3.25e-14
Error found in line 39 from character 157
L1=< 7.347e+06,  4.884e+00,  7.534e-01, -5.097e-09,  1.613e-08, -5.219e-10,  3.383e-09,  2.325e-03, -1.507e-02, -1.019e-10,  3.225e-10, -2.193e-08, -3.383e-09,  2.091e-14,  3.241e+02,  2.091e-14,  3.241e+02,  5.204e-18,  7.534e-02,  5.721e-18, -1.926e-34,>
-----------------------------------------------------------------------------------------------------------------------------------------------------------------^
L2=< 7.347e+06,  4.884e+00,  7.534e-01, -5.097e-09,  1.613e-08, -5.219e-10,  3.383e-09,  2.325e-03, -1.507e-02, -1.019e-10,  3.225e-10, -2.193e-08, -3.383e-09,  3.250e-14,  3.241e+02,  2.372e-14,  3.241e+02,  6.702e-18,  7.534e-02,  5.721e-18, -1.988e-35,>
-----------------------------------------------------------------------------------------------------------------------------------------------------------------^
Line 40 is OK
Line 41 is OK
Line 42 is OK
Line 43 is OK
Line 44 variable 13 differs, model=-9.601e-15, user=1.132e-14
Line 44 variable 15 differs, model=0, user=1.132e-14
Error found in line 44 from character 156
L1=< 8.367e+06,  4.910e+00,  6.639e-01, -1.807e-09,  6.561e-09, -1.840e-10,  1.361e-09,  1.795e-03, -1.328e-02, -3.614e-11,  1.312e-10, -1.007e-08, -1.361e-09, -9.601e-15,  3.698e+02,  0.000e+00,  3.698e+02, -3.469e-18,  6.639e-02,  9.263e-19,  0.000e+00,>
----------------------------------------------------------------------------------------------------------------------------------------------------------------^
L2=< 8.367e+06,  4.910e+00,  6.639e-01, -1.807e-09,  6.561e-09, -1.840e-10,  1.361e-09,  1.795e-03, -1.328e-02, -3.614e-11,  1.312e-10, -1.007e-08, -1.361e-09,  1.132e-14,  3.698e+02,  1.132e-14,  3.698e+02,  2.700e-18,  6.639e-02,  9.263e-19, -2.535e-35,>
----------------------------------------------------------------------------------------------------------------------------------------------------------------^
Line 45 variable 15 differs, model=1.662e-14, user=3.426e-15
Error found in line 45 from character 157
L1=< 8.571e+06,  4.914e+00,  6.484e-01, -1.491e-09,  5.552e-09, -1.517e-10,  1.150e-09,  1.711e-03, -1.297e-02, -2.982e-11,  1.110e-10, -8.715e-09, -1.150e-09,  8.311e-15,  3.790e+02,  1.662e-14,  3.790e+02,  0.000e+00,  6.484e-02,  6.611e-19, -7.222e-35,>
-----------------------------------------------------------------------------------------------------------------------------------------------------------------^
L2=< 8.571e+06,  4.914e+00,  6.484e-01, -1.491e-09,  5.552e-09, -1.517e-10,  1.150e-09,  1.711e-03, -1.297e-02, -2.982e-11,  1.110e-10, -8.715e-09, -1.150e-09,  3.426e-15,  3.790e+02,  3.426e-15,  3.790e+02,  6.328e-19,  6.484e-02,  6.611e-19,  2.184e-36,>
-----------------------------------------------------------------------------------------------------------------------------------------------------------------^
Line 46 is OK
Line 47 is OK
Line 48 is OK
Line 49 is OK
Line 50 is OK
Line 51 is OK
Line 52 is OK
