Command is:python codeSubmission/testInput2.py ./User_files/Ext_d_LPF_B50.net ./User_files/Ext_d_LPF_B50.csv >./User_files/Ext_d_LPF_B50_run.log 2>&1
OS returns 0 from execution of command
For files ./Model_files/Ext_d_LPF_B50_model.csv and ./User_files/Ext_d_LPF_B50.csv filecmp returns same=False
			Detailed testing:
Working on 252 lines
Line length differs, model file line has 322 character while user file has 298
Line length differs, model file line has 322 character while user file has 298
Line 3 contains different number of floats, model has 27, user has 25
Line length differs, model file line has 323 character while user file has 299
Line 4 contains different number of floats, model has 27, user has 25
Line length differs, model file line has 323 character while user file has 299
Line 5 contains different number of floats, model has 27, user has 25
Line length differs, model file line has 323 character while user file has 299
Line 6 contains different number of floats, model has 27, user has 25
Line length differs, model file line has 323 character while user file has 299
Line 7 contains different number of floats, model has 27, user has 25
Line length differs, model file line has 323 character while user file has 299
Line 8 contains different number of floats, model has 27, user has 25
Line length differs, model file line has 323 character while user file has 299
Line 9 contains different number of floats, model has 27, user has 25
Line length differs, model file line has 323 character while user file has 299
Line 10 contains different number of floats, model has 27, user has 25
Line length differs, model file line has 323 character while user file has 299
Line 11 contains different number of floats, model has 27, user has 25
Line length differs, model file line has 323 character while user file has 299
Line 12 contains different number of floats, model has 27, user has 25
Line length differs, model file line has 323 character while user file has 299
Line 13 contains different number of floats, model has 27, user has 25
Line length differs, model file line has 323 character while user file has 299
Line 14 contains different number of floats, model has 27, user has 25
Line length differs, model file line has 323 character while user file has 299
Line 15 contains different number of floats, model has 27, user has 25
Line length differs, model file line has 323 character while user file has 299
Line 16 contains different number of floats, model has 27, user has 25
Line length differs, model file line has 323 character while user file has 299
Line 17 contains different number of floats, model has 27, user has 25
Line length differs, model file line has 323 character while user file has 299
Line 18 contains different number of floats, model has 27, user has 25
Line length differs, model file line has 323 character while user file has 299
Line 19 contains different number of floats, model has 27, user has 25
Line length differs, model file line has 323 character while user file has 299
Line 20 contains different number of floats, model has 27, user has 25
Line length differs, model file line has 323 character while user file has 299
Line 21 contains different number of floats, model has 27, user has 25
Line length differs, model file line has 323 character while user file has 299
Line 22 contains different number of floats, model has 27, user has 25
Line length differs, model file line has 323 character while user file has 299
Line 23 contains different number of floats, model has 27, user has 25
Line length differs, model file line has 323 character while user file has 299
Line 24 contains different number of floats, model has 27, user has 25
Line length differs, model file line has 323 character while user file has 299
Line 25 contains different number of floats, model has 27, user has 25
Line length differs, model file line has 323 character while user file has 299
Line 26 contains different number of floats, model has 27, user has 25
Line length differs, model file line has 323 character while user file has 299
Line 27 contains different number of floats, model has 27, user has 25
Line length differs, model file line has 323 character while user file has 299
Line 28 contains different number of floats, model has 27, user has 25
Line length differs, model file line has 323 character while user file has 299
Line 29 contains different number of floats, model has 27, user has 25
Line length differs, model file line has 323 character while user file has 299
Line 30 contains different number of floats, model has 27, user has 25
Line length differs, model file line has 323 character while user file has 299
Line 31 contains different number of floats, model has 27, user has 25
Line length differs, model file line has 323 character while user file has 299
Line 32 contains different number of floats, model has 27, user has 25
Line length differs, model file line has 323 character while user file has 299
Line 33 contains different number of floats, model has 27, user has 25
Line length differs, model file line has 323 character while user file has 299
Line 34 contains different number of floats, model has 27, user has 25
Line length differs, model file line has 323 character while user file has 299
Line 35 contains different number of floats, model has 27, user has 25
Line length differs, model file line has 323 character while user file has 299
Line 36 contains different number of floats, model has 27, user has 25
Line length differs, model file line has 323 character while user file has 299
Line 37 contains different number of floats, model has 27, user has 25
Line length differs, model file line has 323 character while user file has 299
Line 38 contains different number of floats, model has 27, user has 25
Line length differs, model file line has 323 character while user file has 299
Line 39 contains different number of floats, model has 27, user has 25
Line length differs, model file line has 323 character while user file has 299
Line 40 contains different number of floats, model has 27, user has 25
Line length differs, model file line has 323 character while user file has 299
Line 41 contains different number of floats, model has 27, user has 25
Line length differs, model file line has 323 character while user file has 299
Line 42 contains different number of floats, model has 27, user has 25
Line length differs, model file line has 323 character while user file has 299
Line 43 contains different number of floats, model has 27, user has 25
Line length differs, model file line has 323 character while user file has 299
Line 44 contains different number of floats, model has 27, user has 25
Line length differs, model file line has 323 character while user file has 299
Line 45 contains different number of floats, model has 27, user has 25
Line length differs, model file line has 323 character while user file has 299
Line 46 contains different number of floats, model has 27, user has 25
Line length differs, model file line has 323 character while user file has 299
Line 47 contains different number of floats, model has 27, user has 25
Line length differs, model file line has 323 character while user file has 299
Line 48 contains different number of floats, model has 27, user has 25
Line length differs, model file line has 323 character while user file has 299
Line 49 contains different number of floats, model has 27, user has 25
Line length differs, model file line has 323 character while user file has 299
Line 50 contains different number of floats, model has 27, user has 25
Line length differs, model file line has 323 character while user file has 299
Line 51 contains different number of floats, model has 27, user has 25
Line length differs, model file line has 323 character while user file has 299
Line 52 contains different number of floats, model has 27, user has 25
Line length differs, model file line has 323 character while user file has 299
Line 53 contains different number of floats, model has 27, user has 25
Line length differs, model file line has 323 character while user file has 299
Line 54 contains different number of floats, model has 27, user has 25
Line length differs, model file line has 323 character while user file has 299
Line 55 contains different number of floats, model has 27, user has 25
Line length differs, model file line has 323 character while user file has 299
Line 56 contains different number of floats, model has 27, user has 25
Line length differs, model file line has 323 character while user file has 299
Line 57 contains different number of floats, model has 27, user has 25
Line length differs, model file line has 323 character while user file has 299
Line 58 contains different number of floats, model has 27, user has 25
Line length differs, model file line has 323 character while user file has 299
Line 59 contains different number of floats, model has 27, user has 25
Line length differs, model file line has 323 character while user file has 299
Line 60 contains different number of floats, model has 27, user has 25
Line length differs, model file line has 323 character while user file has 299
Line 61 contains different number of floats, model has 27, user has 25
Line length differs, model file line has 323 character while user file has 299
Line 62 contains different number of floats, model has 27, user has 25
Line length differs, model file line has 323 character while user file has 299
Line 63 contains different number of floats, model has 27, user has 25
Line length differs, model file line has 323 character while user file has 299
Line 64 contains different number of floats, model has 27, user has 25
Line length differs, model file line has 323 character while user file has 299
Line 65 contains different number of floats, model has 27, user has 25
Line length differs, model file line has 323 character while user file has 299
Line 66 contains different number of floats, model has 27, user has 25
Line length differs, model file line has 323 character while user file has 299
Line 67 contains different number of floats, model has 27, user has 25
Line length differs, model file line has 323 character while user file has 299
Line 68 contains different number of floats, model has 27, user has 25
Line length differs, model file line has 323 character while user file has 299
Line 69 contains different number of floats, model has 27, user has 25
Line length differs, model file line has 323 character while user file has 299
Line 70 contains different number of floats, model has 27, user has 25
Line length differs, model file line has 323 character while user file has 299
Line 71 contains different number of floats, model has 27, user has 25
Line length differs, model file line has 323 character while user file has 299
Line 72 contains different number of floats, model has 27, user has 25
Line length differs, model file line has 323 character while user file has 299
Line 73 contains different number of floats, model has 27, user has 25
Line length differs, model file line has 323 character while user file has 299
Line 74 contains different number of floats, model has 27, user has 25
Line length differs, model file line has 323 character while user file has 299
Line 75 contains different number of floats, model has 27, user has 25
Line length differs, model file line has 323 character while user file has 299
Line 76 contains different number of floats, model has 27, user has 25
Line length differs, model file line has 323 character while user file has 299
Line 77 contains different number of floats, model has 27, user has 25
Line length differs, model file line has 323 character while user file has 299
Line 78 contains different number of floats, model has 27, user has 25
Line length differs, model file line has 323 character while user file has 299
Line 79 contains different number of floats, model has 27, user has 25
Line length differs, model file line has 323 character while user file has 299
Line 80 contains different number of floats, model has 27, user has 25
Line length differs, model file line has 323 character while user file has 299
Line 81 contains different number of floats, model has 27, user has 25
Line length differs, model file line has 323 character while user file has 299
Line 82 contains different number of floats, model has 27, user has 25
Line length differs, model file line has 323 character while user file has 299
Line 83 contains different number of floats, model has 27, user has 25
Line length differs, model file line has 323 character while user file has 299
Line 84 contains different number of floats, model has 27, user has 25
Line length differs, model file line has 323 character while user file has 299
Line 85 contains different number of floats, model has 27, user has 25
Line length differs, model file line has 323 character while user file has 299
Line 86 contains different number of floats, model has 27, user has 25
Line length differs, model file line has 323 character while user file has 299
Line 87 contains different number of floats, model has 27, user has 25
Line length differs, model file line has 323 character while user file has 299
Line 88 contains different number of floats, model has 27, user has 25
Line length differs, model file line has 323 character while user file has 299
Line 89 contains different number of floats, model has 27, user has 25
Line length differs, model file line has 323 character while user file has 299
Line 90 contains different number of floats, model has 27, user has 25
Line length differs, model file line has 323 character while user file has 299
Line 91 contains different number of floats, model has 27, user has 25
Line length differs, model file line has 323 character while user file has 299
Line 92 contains different number of floats, model has 27, user has 25
Line length differs, model file line has 323 character while user file has 299
Line 93 contains different number of floats, model has 27, user has 25
Line length differs, model file line has 323 character while user file has 299
Line 94 contains different number of floats, model has 27, user has 25
Line length differs, model file line has 323 character while user file has 299
Line 95 contains different number of floats, model has 27, user has 25
Line length differs, model file line has 323 character while user file has 299
Line 96 contains different number of floats, model has 27, user has 25
Line length differs, model file line has 323 character while user file has 299
Line 97 contains different number of floats, model has 27, user has 25
Line length differs, model file line has 323 character while user file has 299
Line 98 contains different number of floats, model has 27, user has 25
Line length differs, model file line has 323 character while user file has 299
Line 99 contains different number of floats, model has 27, user has 25
Line length differs, model file line has 323 character while user file has 299
Line 100 contains different number of floats, model has 27, user has 25
Line length differs, model file line has 323 character while user file has 299
Line 101 contains different number of floats, model has 27, user has 25
Line length differs, model file line has 323 character while user file has 299
Line 102 contains different number of floats, model has 27, user has 25
Line length differs, model file line has 323 character while user file has 299
Line 103 contains different number of floats, model has 27, user has 25
Line length differs, model file line has 323 character while user file has 299
Line 104 contains different number of floats, model has 27, user has 25
Line length differs, model file line has 323 character while user file has 299
Line 105 contains different number of floats, model has 27, user has 25
Line length differs, model file line has 323 character while user file has 299
Line 106 contains different number of floats, model has 27, user has 25
Line length differs, model file line has 323 character while user file has 299
Line 107 contains different number of floats, model has 27, user has 25
Line length differs, model file line has 323 character while user file has 299
Line 108 contains different number of floats, model has 27, user has 25
Line length differs, model file line has 323 character while user file has 299
Line 109 contains different number of floats, model has 27, user has 25
Line length differs, model file line has 323 character while user file has 299
Line 110 contains different number of floats, model has 27, user has 25
Line length differs, model file line has 323 character while user file has 299
Line 111 contains different number of floats, model has 27, user has 25
Line length differs, model file line has 323 character while user file has 299
Line 112 contains different number of floats, model has 27, user has 25
Line length differs, model file line has 323 character while user file has 299
Line 113 contains different number of floats, model has 27, user has 25
Line length differs, model file line has 323 character while user file has 299
Line 114 contains different number of floats, model has 27, user has 25
Line length differs, model file line has 323 character while user file has 299
Line 115 contains different number of floats, model has 27, user has 25
Line length differs, model file line has 323 character while user file has 299
Line 116 contains different number of floats, model has 27, user has 25
Line length differs, model file line has 323 character while user file has 299
Line 117 contains different number of floats, model has 27, user has 25
Line length differs, model file line has 323 character while user file has 299
Line 118 contains different number of floats, model has 27, user has 25
Line length differs, model file line has 323 character while user file has 299
Line 119 contains different number of floats, model has 27, user has 25
Line length differs, model file line has 323 character while user file has 299
Line 120 contains different number of floats, model has 27, user has 25
Line length differs, model file line has 323 character while user file has 299
Line 121 contains different number of floats, model has 27, user has 25
Line length differs, model file line has 323 character while user file has 299
Line 122 contains different number of floats, model has 27, user has 25
Line length differs, model file line has 323 character while user file has 299
Line 123 contains different number of floats, model has 27, user has 25
Line length differs, model file line has 323 character while user file has 299
Line 124 contains different number of floats, model has 27, user has 25
Line length differs, model file line has 323 character while user file has 299
Line 125 contains different number of floats, model has 27, user has 25
Line length differs, model file line has 323 character while user file has 299
Line 126 contains different number of floats, model has 27, user has 25
Line length differs, model file line has 323 character while user file has 299
Line 127 contains different number of floats, model has 27, user has 25
Line length differs, model file line has 323 character while user file has 299
Line 128 contains different number of floats, model has 27, user has 25
Line length differs, model file line has 323 character while user file has 299
Line 129 contains different number of floats, model has 27, user has 25
Line length differs, model file line has 323 character while user file has 299
Line 130 contains different number of floats, model has 27, user has 25
Line length differs, model file line has 323 character while user file has 299
Line 131 contains different number of floats, model has 27, user has 25
Line length differs, model file line has 323 character while user file has 299
Line 132 contains different number of floats, model has 27, user has 25
Line length differs, model file line has 323 character while user file has 299
Line 133 contains different number of floats, model has 27, user has 25
Line length differs, model file line has 323 character while user file has 299
Line 134 contains different number of floats, model has 27, user has 25
Line length differs, model file line has 323 character while user file has 299
Line 135 contains different number of floats, model has 27, user has 25
Line length differs, model file line has 323 character while user file has 299
Line 136 contains different number of floats, model has 27, user has 25
Line length differs, model file line has 323 character while user file has 299
Line 137 contains different number of floats, model has 27, user has 25
Line length differs, model file line has 323 character while user file has 299
Line 138 contains different number of floats, model has 27, user has 25
Line length differs, model file line has 323 character while user file has 299
Line 139 contains different number of floats, model has 27, user has 25
Line length differs, model file line has 323 character while user file has 299
Line 140 contains different number of floats, model has 27, user has 25
Line length differs, model file line has 323 character while user file has 299
Line 141 contains different number of floats, model has 27, user has 25
Line length differs, model file line has 323 character while user file has 299
Line 142 contains different number of floats, model has 27, user has 25
Line length differs, model file line has 323 character while user file has 299
Line 143 contains different number of floats, model has 27, user has 25
Line length differs, model file line has 323 character while user file has 299
Line 144 contains different number of floats, model has 27, user has 25
Line length differs, model file line has 323 character while user file has 299
Line 145 contains different number of floats, model has 27, user has 25
Line length differs, model file line has 323 character while user file has 299
Line 146 contains different number of floats, model has 27, user has 25
Line length differs, model file line has 323 character while user file has 299
Line 147 contains different number of floats, model has 27, user has 25
Line length differs, model file line has 323 character while user file has 299
Line 148 contains different number of floats, model has 27, user has 25
Line length differs, model file line has 323 character while user file has 299
Line 149 contains different number of floats, model has 27, user has 25
Line length differs, model file line has 323 character while user file has 299
Line 150 contains different number of floats, model has 27, user has 25
Line length differs, model file line has 323 character while user file has 299
Line 151 contains different number of floats, model has 27, user has 25
Line length differs, model file line has 323 character while user file has 299
Line 152 contains different number of floats, model has 27, user has 25
Line length differs, model file line has 323 character while user file has 299
Line 153 contains different number of floats, model has 27, user has 25
Line length differs, model file line has 323 character while user file has 299
Line 154 contains different number of floats, model has 27, user has 25
Line length differs, model file line has 323 character while user file has 299
Line 155 contains different number of floats, model has 27, user has 25
Line length differs, model file line has 323 character while user file has 299
Line 156 contains different number of floats, model has 27, user has 25
Line length differs, model file line has 323 character while user file has 299
Line 157 contains different number of floats, model has 27, user has 25
Line length differs, model file line has 323 character while user file has 299
Line 158 contains different number of floats, model has 27, user has 25
Line length differs, model file line has 323 character while user file has 299
Line 159 contains different number of floats, model has 27, user has 25
Line length differs, model file line has 323 character while user file has 299
Line 160 contains different number of floats, model has 27, user has 25
Line length differs, model file line has 323 character while user file has 299
Line 161 contains different number of floats, model has 27, user has 25
Line length differs, model file line has 323 character while user file has 299
Line 162 contains different number of floats, model has 27, user has 25
Line length differs, model file line has 323 character while user file has 299
Line 163 contains different number of floats, model has 27, user has 25
Line length differs, model file line has 323 character while user file has 299
Line 164 contains different number of floats, model has 27, user has 25
Line length differs, model file line has 323 character while user file has 299
Line 165 contains different number of floats, model has 27, user has 25
Line length differs, model file line has 323 character while user file has 299
Line 166 contains different number of floats, model has 27, user has 25
Line length differs, model file line has 323 character while user file has 299
Line 167 contains different number of floats, model has 27, user has 25
Line length differs, model file line has 323 character while user file has 299
Line 168 contains different number of floats, model has 27, user has 25
Line length differs, model file line has 323 character while user file has 299
Line 169 contains different number of floats, model has 27, user has 25
Line length differs, model file line has 323 character while user file has 299
Line 170 contains different number of floats, model has 27, user has 25
Line length differs, model file line has 323 character while user file has 299
Line 171 contains different number of floats, model has 27, user has 25
Line length differs, model file line has 323 character while user file has 299
Line 172 contains different number of floats, model has 27, user has 25
Line length differs, model file line has 323 character while user file has 299
Line 173 contains different number of floats, model has 27, user has 25
Line length differs, model file line has 323 character while user file has 299
Line 174 contains different number of floats, model has 27, user has 25
Line length differs, model file line has 323 character while user file has 299
Line 175 contains different number of floats, model has 27, user has 25
Line length differs, model file line has 323 character while user file has 299
Line 176 contains different number of floats, model has 27, user has 25
Line length differs, model file line has 323 character while user file has 299
Line 177 contains different number of floats, model has 27, user has 25
Line length differs, model file line has 323 character while user file has 299
Line 178 contains different number of floats, model has 27, user has 25
Line length differs, model file line has 323 character while user file has 299
Line 179 contains different number of floats, model has 27, user has 25
Line length differs, model file line has 323 character while user file has 299
Line 180 contains different number of floats, model has 27, user has 25
Line length differs, model file line has 323 character while user file has 299
Line 181 contains different number of floats, model has 27, user has 25
Line length differs, model file line has 323 character while user file has 299
Line 182 contains different number of floats, model has 27, user has 25
Line length differs, model file line has 323 character while user file has 299
Line 183 contains different number of floats, model has 27, user has 25
Line length differs, model file line has 323 character while user file has 299
Line 184 contains different number of floats, model has 27, user has 25
Line length differs, model file line has 323 character while user file has 299
Line 185 contains different number of floats, model has 27, user has 25
Line length differs, model file line has 323 character while user file has 299
Line 186 contains different number of floats, model has 27, user has 25
Line length differs, model file line has 323 character while user file has 299
Line 187 contains different number of floats, model has 27, user has 25
Line length differs, model file line has 323 character while user file has 299
Line 188 contains different number of floats, model has 27, user has 25
Line length differs, model file line has 323 character while user file has 299
Line 189 contains different number of floats, model has 27, user has 25
Line length differs, model file line has 323 character while user file has 299
Line 190 contains different number of floats, model has 27, user has 25
Line length differs, model file line has 323 character while user file has 299
Line 191 contains different number of floats, model has 27, user has 25
Line length differs, model file line has 323 character while user file has 299
Line 192 contains different number of floats, model has 27, user has 25
Line length differs, model file line has 323 character while user file has 299
Line 193 contains different number of floats, model has 27, user has 25
Line length differs, model file line has 323 character while user file has 299
Line 194 contains different number of floats, model has 27, user has 25
Line length differs, model file line has 323 character while user file has 299
Line 195 contains different number of floats, model has 27, user has 25
Line length differs, model file line has 323 character while user file has 299
Line 196 contains different number of floats, model has 27, user has 25
Line length differs, model file line has 323 character while user file has 299
Line 197 contains different number of floats, model has 27, user has 25
Line length differs, model file line has 323 character while user file has 299
Line 198 contains different number of floats, model has 27, user has 25
Line length differs, model file line has 323 character while user file has 299
Line 199 contains different number of floats, model has 27, user has 25
Line length differs, model file line has 323 character while user file has 299
Line 200 contains different number of floats, model has 27, user has 25
Line length differs, model file line has 323 character while user file has 299
Line 201 contains different number of floats, model has 27, user has 25
Line length differs, model file line has 323 character while user file has 299
Line 202 contains different number of floats, model has 27, user has 25
Line length differs, model file line has 323 character while user file has 299
Line 203 contains different number of floats, model has 27, user has 25
Line length differs, model file line has 323 character while user file has 299
Line 204 contains different number of floats, model has 27, user has 25
Line length differs, model file line has 323 character while user file has 299
Line 205 contains different number of floats, model has 27, user has 25
Line length differs, model file line has 323 character while user file has 299
Line 206 contains different number of floats, model has 27, user has 25
Line length differs, model file line has 323 character while user file has 299
Line 207 contains different number of floats, model has 27, user has 25
Line length differs, model file line has 323 character while user file has 299
Line 208 contains different number of floats, model has 27, user has 25
Line length differs, model file line has 323 character while user file has 299
Line 209 contains different number of floats, model has 27, user has 25
Line length differs, model file line has 323 character while user file has 299
Line 210 contains different number of floats, model has 27, user has 25
Line length differs, model file line has 323 character while user file has 299
Line 211 contains different number of floats, model has 27, user has 25
Line length differs, model file line has 323 character while user file has 299
Line 212 contains different number of floats, model has 27, user has 25
Line length differs, model file line has 323 character while user file has 299
Line 213 contains different number of floats, model has 27, user has 25
Line length differs, model file line has 323 character while user file has 299
Line 214 contains different number of floats, model has 27, user has 25
Line length differs, model file line has 323 character while user file has 299
Line 215 contains different number of floats, model has 27, user has 25
Line length differs, model file line has 323 character while user file has 299
Line 216 contains different number of floats, model has 27, user has 25
Line length differs, model file line has 323 character while user file has 299
Line 217 contains different number of floats, model has 27, user has 25
Line length differs, model file line has 323 character while user file has 299
Line 218 contains different number of floats, model has 27, user has 25
Line length differs, model file line has 323 character while user file has 299
Line 219 contains different number of floats, model has 27, user has 25
Line length differs, model file line has 323 character while user file has 299
Line 220 contains different number of floats, model has 27, user has 25
Line length differs, model file line has 323 character while user file has 299
Line 221 contains different number of floats, model has 27, user has 25
Line length differs, model file line has 323 character while user file has 299
Line 222 contains different number of floats, model has 27, user has 25
Line length differs, model file line has 323 character while user file has 299
Line 223 contains different number of floats, model has 27, user has 25
Line length differs, model file line has 323 character while user file has 299
Line 224 contains different number of floats, model has 27, user has 25
Line length differs, model file line has 323 character while user file has 299
Line 225 contains different number of floats, model has 27, user has 25
Line length differs, model file line has 323 character while user file has 299
Line 226 contains different number of floats, model has 27, user has 25
Line length differs, model file line has 323 character while user file has 299
Line 227 contains different number of floats, model has 27, user has 25
Line length differs, model file line has 323 character while user file has 299
Line 228 contains different number of floats, model has 27, user has 25
Line length differs, model file line has 323 character while user file has 299
Line 229 contains different number of floats, model has 27, user has 25
Line length differs, model file line has 323 character while user file has 299
Line 230 contains different number of floats, model has 27, user has 25
Line length differs, model file line has 323 character while user file has 299
Line 231 contains different number of floats, model has 27, user has 25
Line length differs, model file line has 323 character while user file has 299
Line 232 contains different number of floats, model has 27, user has 25
Line length differs, model file line has 323 character while user file has 299
Line 233 contains different number of floats, model has 27, user has 25
Line length differs, model file line has 323 character while user file has 299
Line 234 contains different number of floats, model has 27, user has 25
Line length differs, model file line has 323 character while user file has 299
Line 235 contains different number of floats, model has 27, user has 25
Line length differs, model file line has 323 character while user file has 299
Line 236 contains different number of floats, model has 27, user has 25
Line length differs, model file line has 323 character while user file has 299
Line 237 contains different number of floats, model has 27, user has 25
Line length differs, model file line has 323 character while user file has 299
Line 238 contains different number of floats, model has 27, user has 25
Line length differs, model file line has 323 character while user file has 299
Line 239 contains different number of floats, model has 27, user has 25
Line length differs, model file line has 323 character while user file has 299
Line 240 contains different number of floats, model has 27, user has 25
Line length differs, model file line has 323 character while user file has 299
Line 241 contains different number of floats, model has 27, user has 25
Line length differs, model file line has 323 character while user file has 299
Line 242 contains different number of floats, model has 27, user has 25
Line length differs, model file line has 323 character while user file has 299
Line 243 contains different number of floats, model has 27, user has 25
Line length differs, model file line has 323 character while user file has 299
Line 244 contains different number of floats, model has 27, user has 25
Line length differs, model file line has 323 character while user file has 299
Line 245 contains different number of floats, model has 27, user has 25
Line length differs, model file line has 323 character while user file has 299
Line 246 contains different number of floats, model has 27, user has 25
Line length differs, model file line has 323 character while user file has 299
Line 247 contains different number of floats, model has 27, user has 25
Line length differs, model file line has 323 character while user file has 299
Line 248 contains different number of floats, model has 27, user has 25
Line length differs, model file line has 323 character while user file has 299
Line 249 contains different number of floats, model has 27, user has 25
Line length differs, model file line has 323 character while user file has 299
Line 250 contains different number of floats, model has 27, user has 25
Line length differs, model file line has 323 character while user file has 299
Line 251 contains different number of floats, model has 27, user has 25
Line length differs, model file line has 323 character while user file has 299
Line 252 contains different number of floats, model has 27, user has 25
Line length differs, model file line has 323 character while user file has 299
